This is pdfTeX, Version 3.141592653-2.6-1.40.23 (MiKTeX 21.8) (preloaded format=pdflatex 2021.10.25)  9 APR 2024 00:09
entering extended mode
**./main.tex
(main.tex
LaTeX2e <2021-06-01> patch level 1
L3 programming layer <2021-08-27>
(C:\Users\tutko\AppData\Local\Programs\MiKTeX\tex/latex/base\book.cls
Document Class: book 2021/02/12 v1.4n Standard LaTeX document class
(C:\Users\tutko\AppData\Local\Programs\MiKTeX\tex/latex/base\bk12.clo
File: bk12.clo 2021/02/12 v1.4n Standard LaTeX file (size option)
)
\c@part=\count182
\c@chapter=\count183
\c@section=\count184
\c@subsection=\count185
\c@subsubsection=\count186
\c@paragraph=\count187
\c@subparagraph=\count188
\c@figure=\count189
\c@table=\count190
\abovecaptionskip=\skip47
\belowcaptionskip=\skip48
\bibindent=\dimen138
)
(C:\Users\tutko\AppData\Local\Programs\MiKTeX\tex/latex/geometry\geometry.sty
Package: geometry 2020/01/02 v5.9 Page Geometry

(C:\Users\tutko\AppData\Local\Programs\MiKTeX\tex/latex/graphics\keyval.sty
Package: keyval 2014/10/28 v1.15 key=value parser (DPC)
\KV@toks@=\toks16
)
(C:\Users\tutko\AppData\Local\Programs\MiKTeX\tex/generic/iftex\ifvtex.sty
Package: ifvtex 2019/10/25 v1.7 ifvtex legacy package. Use iftex instead.

(C:\Users\tutko\AppData\Local\Programs\MiKTeX\tex/generic/iftex\iftex.sty
Package: iftex 2020/03/06 v1.0d TeX engine tests
))
\Gm@cnth=\count191
\Gm@cntv=\count192
\c@Gm@tempcnt=\count193
\Gm@bindingoffset=\dimen139
\Gm@wd@mp=\dimen140
\Gm@odd@mp=\dimen141
\Gm@even@mp=\dimen142
\Gm@layoutwidth=\dimen143
\Gm@layoutheight=\dimen144
\Gm@layouthoffset=\dimen145
\Gm@layoutvoffset=\dimen146
\Gm@dimlist=\toks17

(C:\Users\tutko\AppData\Local\Programs\MiKTeX\tex/latex/geometry\geometry.cfg))
(C:\Users\tutko\AppData\Local\Programs\MiKTeX\tex/latex/base\inputenc.sty
Package: inputenc 2021/02/14 v1.3d Input encoding file
\inpenc@prehook=\toks18
\inpenc@posthook=\toks19
)
(C:\Users\tutko\AppData\Local\Programs\MiKTeX\tex/latex/base\fontenc.sty
Package: fontenc 2021/04/29 v2.0v Standard LaTeX package
)
(C:\Users\tutko\AppData\Local\Programs\MiKTeX\tex/latex/graphics\graphicx.sty
Package: graphicx 2020/12/05 v1.2c Enhanced LaTeX Graphics (DPC,SPQR)

(C:\Users\tutko\AppData\Local\Programs\MiKTeX\tex/latex/graphics\graphics.sty
Package: graphics 2021/03/04 v1.4d Standard LaTeX Graphics (DPC,SPQR)

(C:\Users\tutko\AppData\Local\Programs\MiKTeX\tex/latex/graphics\trig.sty
Package: trig 2016/01/03 v1.10 sin cos tan (DPC)
)
(C:\Users\tutko\AppData\Local\Programs\MiKTeX\tex/latex/graphics-cfg\graphics.c
fg
File: graphics.cfg 2016/06/04 v1.11 sample graphics configuration
)
Package graphics Info: Driver file: pdftex.def on input line 107.

(C:\Users\tutko\AppData\Local\Programs\MiKTeX\tex/latex/graphics-def\pdftex.def
File: pdftex.def 2020/10/05 v1.2a Graphics/color driver for pdftex
))
\Gin@req@height=\dimen147
\Gin@req@width=\dimen148
) (C:\Users\tutko\AppData\Local\Programs\MiKTeX\tex/latex/url\url.sty
\Urlmuskip=\muskip16
Package: url 2013/09/16  ver 3.4  Verb mode for urls, etc.
)
(C:\Users\tutko\AppData\Local\Programs\MiKTeX\tex/latex/hyperref\hyperref.sty
Package: hyperref 2021-06-07 v7.00m Hypertext links for LaTeX

(C:\Users\tutko\AppData\Local\Programs\MiKTeX\tex/generic/ltxcmds\ltxcmds.sty
Package: ltxcmds 2020-05-10 v1.25 LaTeX kernel commands for general use (HO)
)
(C:\Users\tutko\AppData\Local\Programs\MiKTeX\tex/generic/pdftexcmds\pdftexcmds
.sty
Package: pdftexcmds 2020-06-27 v0.33 Utility functions of pdfTeX for LuaTeX (HO
)

(C:\Users\tutko\AppData\Local\Programs\MiKTeX\tex/generic/infwarerr\infwarerr.s
ty
Package: infwarerr 2019/12/03 v1.5 Providing info/warning/error messages (HO)
)
Package pdftexcmds Info: \pdf@primitive is available.
Package pdftexcmds Info: \pdf@ifprimitive is available.
Package pdftexcmds Info: \pdfdraftmode found.
)
(C:\Users\tutko\AppData\Local\Programs\MiKTeX\tex/generic/kvsetkeys\kvsetkeys.s
ty
Package: kvsetkeys 2019/12/15 v1.18 Key value parser (HO)
)
(C:\Users\tutko\AppData\Local\Programs\MiKTeX\tex/generic/kvdefinekeys\kvdefine
keys.sty
Package: kvdefinekeys 2019-12-19 v1.6 Define keys (HO)
)
(C:\Users\tutko\AppData\Local\Programs\MiKTeX\tex/generic/pdfescape\pdfescape.s
ty
Package: pdfescape 2019/12/09 v1.15 Implements pdfTeX's escape features (HO)
) (C:\Users\tutko\AppData\Local\Programs\MiKTeX\tex/latex/hycolor\hycolor.sty
Package: hycolor 2020-01-27 v1.10 Color options for hyperref/bookmark (HO)
)
(C:\Users\tutko\AppData\Local\Programs\MiKTeX\tex/latex/letltxmacro\letltxmacro
.sty
Package: letltxmacro 2019/12/03 v1.6 Let assignment for LaTeX macros (HO)
)
(C:\Users\tutko\AppData\Local\Programs\MiKTeX\tex/latex/auxhook\auxhook.sty
Package: auxhook 2019-12-17 v1.6 Hooks for auxiliary files (HO)
)
(C:\Users\tutko\AppData\Local\Programs\MiKTeX\tex/latex/kvoptions\kvoptions.sty
Package: kvoptions 2020-10-07 v3.14 Key value format for package options (HO)
)
\@linkdim=\dimen149
\Hy@linkcounter=\count194
\Hy@pagecounter=\count195
 (C:\Users\tutko\AppData\Local\Programs\MiKTeX\tex/latex/hyperref\pd1enc.def
File: pd1enc.def 2021-06-07 v7.00m Hyperref: PDFDocEncoding definition (HO)
Now handling font encoding PD1 ...
... no UTF-8 mapping file for font encoding PD1
)
(C:\Users\tutko\AppData\Local\Programs\MiKTeX\tex/latex/hyperref\hyperref-langp
atches.def
File: hyperref-langpatches.def 2021-06-07 v7.00m Hyperref: patches for babel la
nguages
)
(C:\Users\tutko\AppData\Local\Programs\MiKTeX\tex/generic/intcalc\intcalc.sty
Package: intcalc 2019/12/15 v1.3 Expandable calculations with integers (HO)
)
(C:\Users\tutko\AppData\Local\Programs\MiKTeX\tex/generic/etexcmds\etexcmds.sty
Package: etexcmds 2019/12/15 v1.7 Avoid name clashes with e-TeX commands (HO)
)
\Hy@SavedSpaceFactor=\count196
 (C:\Users\tutko\AppData\Local\Programs\MiKTeX\tex/latex/hyperref\puenc.def
File: puenc.def 2021-06-07 v7.00m Hyperref: PDF Unicode definition (HO)
Now handling font encoding PU ...
... no UTF-8 mapping file for font encoding PU
)
Package hyperref Info: Option `breaklinks' set `true' on input line 4073.
Package hyperref Info: Hyper figures OFF on input line 4192.
Package hyperref Info: Link nesting OFF on input line 4197.
Package hyperref Info: Hyper index ON on input line 4200.
Package hyperref Info: Plain pages OFF on input line 4207.
Package hyperref Info: Backreferencing OFF on input line 4212.
Package hyperref Info: Implicit mode ON; LaTeX internals redefined.
Package hyperref Info: Bookmarks ON on input line 4445.
\c@Hy@tempcnt=\count197
LaTeX Info: Redefining \url on input line 4804.
\XeTeXLinkMargin=\dimen150

(C:\Users\tutko\AppData\Local\Programs\MiKTeX\tex/generic/bitset\bitset.sty
Package: bitset 2019/12/09 v1.3 Handle bit-vector datatype (HO)

(C:\Users\tutko\AppData\Local\Programs\MiKTeX\tex/generic/bigintcalc\bigintcalc
.sty
Package: bigintcalc 2019/12/15 v1.5 Expandable calculations on big integers (HO
)
))
\Fld@menulength=\count198
\Field@Width=\dimen151
\Fld@charsize=\dimen152
Package hyperref Info: Hyper figures OFF on input line 6076.
Package hyperref Info: Link nesting OFF on input line 6081.
Package hyperref Info: Hyper index ON on input line 6084.
Package hyperref Info: backreferencing OFF on input line 6091.
Package hyperref Info: Link coloring OFF on input line 6096.
Package hyperref Info: Link coloring with OCG OFF on input line 6101.
Package hyperref Info: PDF/A mode OFF on input line 6106.
LaTeX Info: Redefining \ref on input line 6146.
LaTeX Info: Redefining \pageref on input line 6150.

(C:\Users\tutko\AppData\Local\Programs\MiKTeX\tex/latex/base\atbegshi-ltx.sty
Package: atbegshi-ltx 2021/01/10 v1.0c Emulation of the original atbegshi
package with kernel methods
)
\Hy@abspage=\count199
\c@Item=\count266
\c@Hfootnote=\count267
)
Package hyperref Info: Driver (autodetected): hpdftex.
(C:\Users\tutko\AppData\Local\Programs\MiKTeX\tex/latex/hyperref\hpdftex.def
File: hpdftex.def 2021-06-07 v7.00m Hyperref driver for pdfTeX

(C:\Users\tutko\AppData\Local\Programs\MiKTeX\tex/latex/base\atveryend-ltx.sty
Package: atveryend-ltx 2020/08/19 v1.0a Emulation of the original atvery packag
e
with kernel methods
)
\Fld@listcount=\count268
\c@bookmark@seq@number=\count269

(C:\Users\tutko\AppData\Local\Programs\MiKTeX\tex/latex/rerunfilecheck\rerunfil
echeck.sty
Package: rerunfilecheck 2019/12/05 v1.9 Rerun checks for auxiliary files (HO)

(C:\Users\tutko\AppData\Local\Programs\MiKTeX\tex/generic/uniquecounter\uniquec
ounter.sty
Package: uniquecounter 2019/12/15 v1.4 Provide unlimited unique counter (HO)
)
Package uniquecounter Info: New unique counter `rerunfilecheck' on input line 2
86.
)
\Hy@SectionHShift=\skip49
)
(C:\Users\tutko\AppData\Local\Programs\MiKTeX\tex/generic/babel\babel.sty
Package: babel 2021/07/22 3.63 The Babel package

(C:\Users\tutko\AppData\Local\Programs\MiKTeX\tex/generic/babel\babel.def
File: babel.def 2021/07/22 3.63 Babel common definitions
\babel@savecnt=\count270
\U@D=\dimen153
\l@unhyphenated=\language79

(C:\Users\tutko\AppData\Local\Programs\MiKTeX\tex/generic/babel\txtbabel.def)
\bbl@readstream=\read2
)
\bbl@dirlevel=\count271

*************************************
* Local config file bblopts.cfg used
*
(C:\Users\tutko\AppData\Local\Programs\MiKTeX\tex/latex/arabi\bblopts.cfg
File: bblopts.cfg 2005/09/08 v0.1 add Arabic and Farsi to "declared" options of
 babel
)
(C:\Users\tutko\AppData\Local\Programs\MiKTeX\tex/latex/babel-slovak\slovak.ldf
Language: slovak 2008/07/06 v3.1a Slovak support from the babel system
Package babel Info: Making ^ an active character on input line 123.
Package babel Info: Making " an active character on input line 126.
Package babel Info: Making ' an active character on input line 129.
\cs@wordlen=\count272
Package babel Info: Making - an active character on input line 294.
)) (C:\Users\tutko\AppData\Local\Programs\MiKTeX\tex/latex/amsmath\amsmath.sty
Package: amsmath 2021/04/20 v2.17j AMS math features
\@mathmargin=\skip50

For additional information on amsmath, use the `?' option.
(C:\Users\tutko\AppData\Local\Programs\MiKTeX\tex/latex/amsmath\amstext.sty
Package: amstext 2000/06/29 v2.01 AMS text

(C:\Users\tutko\AppData\Local\Programs\MiKTeX\tex/latex/amsmath\amsgen.sty
File: amsgen.sty 1999/11/30 v2.0 generic functions
\@emptytoks=\toks20
\ex@=\dimen154
))
(C:\Users\tutko\AppData\Local\Programs\MiKTeX\tex/latex/amsmath\amsbsy.sty
Package: amsbsy 1999/11/29 v1.2d Bold Symbols
\pmbraise@=\dimen155
)
(C:\Users\tutko\AppData\Local\Programs\MiKTeX\tex/latex/amsmath\amsopn.sty
Package: amsopn 2016/03/08 v2.02 operator names
)
\inf@bad=\count273
LaTeX Info: Redefining \frac on input line 234.
\uproot@=\count274
\leftroot@=\count275
LaTeX Info: Redefining \overline on input line 399.
\classnum@=\count276
\DOTSCASE@=\count277
LaTeX Info: Redefining \ldots on input line 496.
LaTeX Info: Redefining \dots on input line 499.
LaTeX Info: Redefining \cdots on input line 620.
\Mathstrutbox@=\box50
\strutbox@=\box51
\big@size=\dimen156
LaTeX Font Info:    Redeclaring font encoding OML on input line 743.
LaTeX Font Info:    Redeclaring font encoding OMS on input line 744.
\macc@depth=\count278
\c@MaxMatrixCols=\count279
\dotsspace@=\muskip17
\c@parentequation=\count280
\dspbrk@lvl=\count281
\tag@help=\toks21
\row@=\count282
\column@=\count283
\maxfields@=\count284
\andhelp@=\toks22
\eqnshift@=\dimen157
\alignsep@=\dimen158
\tagshift@=\dimen159
\tagwidth@=\dimen160
\totwidth@=\dimen161
\lineht@=\dimen162
\@envbody=\toks23
\multlinegap=\skip51
\multlinetaggap=\skip52
\mathdisplay@stack=\toks24
LaTeX Info: Redefining \[ on input line 2923.
LaTeX Info: Redefining \] on input line 2924.
)
(C:\Users\tutko\AppData\Local\Programs\MiKTeX\tex/latex/float\float.sty
Package: float 2001/11/08 v1.3d Float enhancements (AL)
\c@float@type=\count285
\float@exts=\toks25
\float@box=\box52
\@float@everytoks=\toks26
\@floatcapt=\box53
)
(C:\Users\tutko\AppData\Local\Programs\MiKTeX\tex/latex/amscls\amsthm.sty
Package: amsthm 2020/05/29 v2.20.6
\thm@style=\toks27
\thm@bodyfont=\toks28
\thm@headfont=\toks29
\thm@notefont=\toks30
\thm@headpunct=\toks31
\thm@preskip=\skip53
\thm@postskip=\skip54
\thm@headsep=\skip55
\dth@everypar=\toks32
)
(C:\Users\tutko\AppData\Local\Programs\MiKTeX\tex/latex/amsfonts\amsfonts.sty
Package: amsfonts 2013/01/14 v3.01 Basic AMSFonts support
\symAMSa=\mathgroup4
\symAMSb=\mathgroup5
LaTeX Font Info:    Redeclaring math symbol \hbar on input line 98.
LaTeX Font Info:    Overwriting math alphabet `\mathfrak' in version `bold'
(Font)                  U/euf/m/n --> U/euf/b/n on input line 106.
)
(C:\Users\tutko\AppData\Local\Programs\MiKTeX\tex/latex/l3packages/xfrac\xfrac.
sty (C:\Users\tutko\AppData\Local\Programs\MiKTeX\tex/latex/l3kernel\expl3.sty
Package: expl3 2021-08-27 L3 programming layer (loader) 

(C:\Users\tutko\AppData\Local\Programs\MiKTeX\tex/latex/l3backend\l3backend-pdf
tex.def
File: l3backend-pdftex.def 2021-08-04 L3 backend support: PDF output (pdfTeX)
\l__color_backend_stack_int=\count286
\l__pdf_internal_box=\box54
))
(C:\Users\tutko\AppData\Local\Programs\MiKTeX\tex/latex/l3packages/l3keys2e\l3k
eys2e.sty
Package: l3keys2e 2021-08-27 LaTeX2e option processing using LaTeX3 keys
)
(C:\Users\tutko\AppData\Local\Programs\MiKTeX\tex/latex/base\textcomp.sty
Package: textcomp 2020/02/02 v2.0n Standard LaTeX package
)
(C:\Users\tutko\AppData\Local\Programs\MiKTeX\tex/latex/l3packages/xparse\xpars
e.sty
Package: xparse 2021-08-27 L3 Experimental document command parser
)
(C:\Users\tutko\AppData\Local\Programs\MiKTeX\tex/latex/l3packages/xtemplate\xt
emplate.sty
Package: xtemplate 2021-08-27 L3 Experimental prototype document functions
\l__xtemplate_tmp_dim=\dimen163
\l__xtemplate_tmp_int=\count287
\l__xtemplate_tmp_muskip=\muskip18
\l__xtemplate_tmp_skip=\skip56
)
Package: xfrac 2021-08-27 L3 Experimental split-level fractions
\l__xfrac_slash_box=\box55
\l__xfrac_tmp_box=\box56
\l__xfrac_denominator_bot_sep_dim=\dimen164
\l__xfrac_numerator_bot_sep_dim=\dimen165
\l__xfrac_numerator_top_sep_dim=\dimen166
\l__xfrac_slash_left_sep_dim=\dimen167
\l__xfrac_slash_right_sep_dim=\dimen168
\l__xfrac_slash_left_muskip=\muskip19
\l__xfrac_slash_right_muskip=\muskip20

Package xtemplate Info: Declaring object type 'xfrac' taking 3 argument(s) on
(xtemplate)             line 80.

)
(C:\Users\tutko\AppData\Local\Programs\MiKTeX\tex/latex/caption\caption.sty
Package: caption 2022/03/01 v3.6b Customizing captions (AR)

(C:\Users\tutko\AppData\Local\Programs\MiKTeX\tex/latex/caption\caption3.sty
Package: caption3 2022/03/17 v2.3b caption3 kernel (AR)
\caption@tempdima=\dimen169
\captionmargin=\dimen170
\caption@leftmargin=\dimen171
\caption@rightmargin=\dimen172
\caption@width=\dimen173
\caption@indent=\dimen174
\caption@parindent=\dimen175
\caption@hangindent=\dimen176
Package caption Info: Standard document class detected.
)
\c@caption@flags=\count288
\c@continuedfloat=\count289
Package caption Info: float package is loaded.
Package caption Info: hyperref package is loaded.
)
(C:\Users\tutko\AppData\Local\Programs\MiKTeX\tex/latex/caption\subcaption.sty
Package: subcaption 2022/01/07 v1.5 Sub-captions (AR)
\c@subfigure=\count290
\c@subtable=\count291
) (C:\Users\tutko\AppData\Local\Programs\MiKTeX\tex/latex/was\gensymb.sty
Package: gensymb 2003/07/02 v1.0 (WaS)
)
(C:\Users\tutko\AppData\Local\Programs\MiKTeX\tex/latex/pgfplots\pgfplots.sty
(C:\Users\tutko\AppData\Local\Programs\MiKTeX\tex/generic/pgfplots\pgfplots.rev
ision.tex)
Package: pgfplots 2021/05/15 v1.18.1 Data Visualization (1.18.1)

(C:\Users\tutko\AppData\Local\Programs\MiKTeX\tex/latex/pgf/frontendlayer\tikz.
sty
(C:\Users\tutko\AppData\Local\Programs\MiKTeX\tex/latex/pgf/basiclayer\pgf.sty
(C:\Users\tutko\AppData\Local\Programs\MiKTeX\tex/latex/pgf/utilities\pgfrcs.st
y
(C:\Users\tutko\AppData\Local\Programs\MiKTeX\tex/generic/pgf/utilities\pgfutil
-common.tex
\pgfutil@everybye=\toks33
\pgfutil@tempdima=\dimen177
\pgfutil@tempdimb=\dimen178

(C:\Users\tutko\AppData\Local\Programs\MiKTeX\tex/generic/pgf/utilities\pgfutil
-common-lists.tex))
(C:\Users\tutko\AppData\Local\Programs\MiKTeX\tex/generic/pgf/utilities\pgfutil
-latex.def
\pgfutil@abb=\box57
)
(C:\Users\tutko\AppData\Local\Programs\MiKTeX\tex/generic/pgf/utilities\pgfrcs.
code.tex
(C:\Users\tutko\AppData\Local\Programs\MiKTeX\tex/generic/pgf\pgf.revision.tex)
Package: pgfrcs 2021/05/15 v3.1.9a (3.1.9a)
))
Package: pgf 2021/05/15 v3.1.9a (3.1.9a)

(C:\Users\tutko\AppData\Local\Programs\MiKTeX\tex/latex/pgf/basiclayer\pgfcore.
sty
(C:\Users\tutko\AppData\Local\Programs\MiKTeX\tex/latex/pgf/systemlayer\pgfsys.
sty
(C:\Users\tutko\AppData\Local\Programs\MiKTeX\tex/generic/pgf/systemlayer\pgfsy
s.code.tex
Package: pgfsys 2021/05/15 v3.1.9a (3.1.9a)

(C:\Users\tutko\AppData\Local\Programs\MiKTeX\tex/generic/pgf/utilities\pgfkeys
.code.tex
\pgfkeys@pathtoks=\toks34
\pgfkeys@temptoks=\toks35

(C:\Users\tutko\AppData\Local\Programs\MiKTeX\tex/generic/pgf/utilities\pgfkeys
filtered.code.tex
\pgfkeys@tmptoks=\toks36
))
\pgf@x=\dimen179
\pgf@y=\dimen180
\pgf@xa=\dimen181
\pgf@ya=\dimen182
\pgf@xb=\dimen183
\pgf@yb=\dimen184
\pgf@xc=\dimen185
\pgf@yc=\dimen186
\pgf@xd=\dimen187
\pgf@yd=\dimen188
\w@pgf@writea=\write3
\r@pgf@reada=\read3
\c@pgf@counta=\count292
\c@pgf@countb=\count293
\c@pgf@countc=\count294
\c@pgf@countd=\count295
\t@pgf@toka=\toks37
\t@pgf@tokb=\toks38
\t@pgf@tokc=\toks39
\pgf@sys@id@count=\count296

(C:\Users\tutko\AppData\Local\Programs\MiKTeX\tex/generic/pgf/systemlayer\pgf.c
fg
File: pgf.cfg 2021/05/15 v3.1.9a (3.1.9a)
)
Driver file for pgf: pgfsys-pdftex.def

(C:\Users\tutko\AppData\Local\Programs\MiKTeX\tex/generic/pgf/systemlayer\pgfsy
s-pdftex.def
File: pgfsys-pdftex.def 2021/05/15 v3.1.9a (3.1.9a)

(C:\Users\tutko\AppData\Local\Programs\MiKTeX\tex/generic/pgf/systemlayer\pgfsy
s-common-pdf.def
File: pgfsys-common-pdf.def 2021/05/15 v3.1.9a (3.1.9a)
)))
(C:\Users\tutko\AppData\Local\Programs\MiKTeX\tex/generic/pgf/systemlayer\pgfsy
ssoftpath.code.tex
File: pgfsyssoftpath.code.tex 2021/05/15 v3.1.9a (3.1.9a)
\pgfsyssoftpath@smallbuffer@items=\count297
\pgfsyssoftpath@bigbuffer@items=\count298
)
(C:\Users\tutko\AppData\Local\Programs\MiKTeX\tex/generic/pgf/systemlayer\pgfsy
sprotocol.code.tex
File: pgfsysprotocol.code.tex 2021/05/15 v3.1.9a (3.1.9a)
))
(C:\Users\tutko\AppData\Local\Programs\MiKTeX\tex/latex/xcolor\xcolor.sty
Package: xcolor 2016/05/11 v2.12 LaTeX color extensions (UK)

(C:\Users\tutko\AppData\Local\Programs\MiKTeX\tex/latex/graphics-cfg\color.cfg
File: color.cfg 2016/01/02 v1.6 sample color configuration
)
Package xcolor Info: Driver file: pdftex.def on input line 225.
Package xcolor Info: Model `cmy' substituted by `cmy0' on input line 1348.
Package xcolor Info: Model `hsb' substituted by `rgb' on input line 1352.
Package xcolor Info: Model `RGB' extended on input line 1364.
Package xcolor Info: Model `HTML' substituted by `rgb' on input line 1366.
Package xcolor Info: Model `Hsb' substituted by `hsb' on input line 1367.
Package xcolor Info: Model `tHsb' substituted by `hsb' on input line 1368.
Package xcolor Info: Model `HSB' substituted by `hsb' on input line 1369.
Package xcolor Info: Model `Gray' substituted by `gray' on input line 1370.
Package xcolor Info: Model `wave' substituted by `hsb' on input line 1371.
)
(C:\Users\tutko\AppData\Local\Programs\MiKTeX\tex/generic/pgf/basiclayer\pgfcor
e.code.tex
Package: pgfcore 2021/05/15 v3.1.9a (3.1.9a)

(C:\Users\tutko\AppData\Local\Programs\MiKTeX\tex/generic/pgf/math\pgfmath.code
.tex
(C:\Users\tutko\AppData\Local\Programs\MiKTeX\tex/generic/pgf/math\pgfmathcalc.
code.tex
(C:\Users\tutko\AppData\Local\Programs\MiKTeX\tex/generic/pgf/math\pgfmathutil.
code.tex)
(C:\Users\tutko\AppData\Local\Programs\MiKTeX\tex/generic/pgf/math\pgfmathparse
r.code.tex
\pgfmath@dimen=\dimen189
\pgfmath@count=\count299
\pgfmath@box=\box58
\pgfmath@toks=\toks40
\pgfmath@stack@operand=\toks41
\pgfmath@stack@operation=\toks42
)
(C:\Users\tutko\AppData\Local\Programs\MiKTeX\tex/generic/pgf/math\pgfmathfunct
ions.code.tex
(C:\Users\tutko\AppData\Local\Programs\MiKTeX\tex/generic/pgf/math\pgfmathfunct
ions.basic.code.tex)
(C:\Users\tutko\AppData\Local\Programs\MiKTeX\tex/generic/pgf/math\pgfmathfunct
ions.trigonometric.code.tex)
(C:\Users\tutko\AppData\Local\Programs\MiKTeX\tex/generic/pgf/math\pgfmathfunct
ions.random.code.tex)
(C:\Users\tutko\AppData\Local\Programs\MiKTeX\tex/generic/pgf/math\pgfmathfunct
ions.comparison.code.tex)
(C:\Users\tutko\AppData\Local\Programs\MiKTeX\tex/generic/pgf/math\pgfmathfunct
ions.base.code.tex)
(C:\Users\tutko\AppData\Local\Programs\MiKTeX\tex/generic/pgf/math\pgfmathfunct
ions.round.code.tex)
(C:\Users\tutko\AppData\Local\Programs\MiKTeX\tex/generic/pgf/math\pgfmathfunct
ions.misc.code.tex)
(C:\Users\tutko\AppData\Local\Programs\MiKTeX\tex/generic/pgf/math\pgfmathfunct
ions.integerarithmetics.code.tex)))
(C:\Users\tutko\AppData\Local\Programs\MiKTeX\tex/generic/pgf/math\pgfmathfloat
.code.tex
\c@pgfmathroundto@lastzeros=\count300
))
(C:\Users\tutko\AppData\Local\Programs\MiKTeX\tex/generic/pgf/math\pgfint.code.
tex)
(C:\Users\tutko\AppData\Local\Programs\MiKTeX\tex/generic/pgf/basiclayer\pgfcor
epoints.code.tex
File: pgfcorepoints.code.tex 2021/05/15 v3.1.9a (3.1.9a)
\pgf@picminx=\dimen190
\pgf@picmaxx=\dimen191
\pgf@picminy=\dimen192
\pgf@picmaxy=\dimen193
\pgf@pathminx=\dimen194
\pgf@pathmaxx=\dimen195
\pgf@pathminy=\dimen196
\pgf@pathmaxy=\dimen197
\pgf@xx=\dimen198
\pgf@xy=\dimen199
\pgf@yx=\dimen256
\pgf@yy=\dimen257
\pgf@zx=\dimen258
\pgf@zy=\dimen259
)
(C:\Users\tutko\AppData\Local\Programs\MiKTeX\tex/generic/pgf/basiclayer\pgfcor
epathconstruct.code.tex
File: pgfcorepathconstruct.code.tex 2021/05/15 v3.1.9a (3.1.9a)
\pgf@path@lastx=\dimen260
\pgf@path@lasty=\dimen261
)
(C:\Users\tutko\AppData\Local\Programs\MiKTeX\tex/generic/pgf/basiclayer\pgfcor
epathusage.code.tex
File: pgfcorepathusage.code.tex 2021/05/15 v3.1.9a (3.1.9a)
\pgf@shorten@end@additional=\dimen262
\pgf@shorten@start@additional=\dimen263
)
(C:\Users\tutko\AppData\Local\Programs\MiKTeX\tex/generic/pgf/basiclayer\pgfcor
escopes.code.tex
File: pgfcorescopes.code.tex 2021/05/15 v3.1.9a (3.1.9a)
\pgfpic=\box59
\pgf@hbox=\box60
\pgf@layerbox@main=\box61
\pgf@picture@serial@count=\count301
)
(C:\Users\tutko\AppData\Local\Programs\MiKTeX\tex/generic/pgf/basiclayer\pgfcor
egraphicstate.code.tex
File: pgfcoregraphicstate.code.tex 2021/05/15 v3.1.9a (3.1.9a)
\pgflinewidth=\dimen264
)
(C:\Users\tutko\AppData\Local\Programs\MiKTeX\tex/generic/pgf/basiclayer\pgfcor
etransformations.code.tex
File: pgfcoretransformations.code.tex 2021/05/15 v3.1.9a (3.1.9a)
\pgf@pt@x=\dimen265
\pgf@pt@y=\dimen266
\pgf@pt@temp=\dimen267
)
(C:\Users\tutko\AppData\Local\Programs\MiKTeX\tex/generic/pgf/basiclayer\pgfcor
equick.code.tex
File: pgfcorequick.code.tex 2021/05/15 v3.1.9a (3.1.9a)
)
(C:\Users\tutko\AppData\Local\Programs\MiKTeX\tex/generic/pgf/basiclayer\pgfcor
eobjects.code.tex
File: pgfcoreobjects.code.tex 2021/05/15 v3.1.9a (3.1.9a)
)
(C:\Users\tutko\AppData\Local\Programs\MiKTeX\tex/generic/pgf/basiclayer\pgfcor
epathprocessing.code.tex
File: pgfcorepathprocessing.code.tex 2021/05/15 v3.1.9a (3.1.9a)
)
(C:\Users\tutko\AppData\Local\Programs\MiKTeX\tex/generic/pgf/basiclayer\pgfcor
earrows.code.tex
File: pgfcorearrows.code.tex 2021/05/15 v3.1.9a (3.1.9a)
\pgfarrowsep=\dimen268
)
(C:\Users\tutko\AppData\Local\Programs\MiKTeX\tex/generic/pgf/basiclayer\pgfcor
eshade.code.tex
File: pgfcoreshade.code.tex 2021/05/15 v3.1.9a (3.1.9a)
\pgf@max=\dimen269
\pgf@sys@shading@range@num=\count302
\pgf@shadingcount=\count303
)
(C:\Users\tutko\AppData\Local\Programs\MiKTeX\tex/generic/pgf/basiclayer\pgfcor
eimage.code.tex
File: pgfcoreimage.code.tex 2021/05/15 v3.1.9a (3.1.9a)

(C:\Users\tutko\AppData\Local\Programs\MiKTeX\tex/generic/pgf/basiclayer\pgfcor
eexternal.code.tex
File: pgfcoreexternal.code.tex 2021/05/15 v3.1.9a (3.1.9a)
\pgfexternal@startupbox=\box62
))
(C:\Users\tutko\AppData\Local\Programs\MiKTeX\tex/generic/pgf/basiclayer\pgfcor
elayers.code.tex
File: pgfcorelayers.code.tex 2021/05/15 v3.1.9a (3.1.9a)
)
(C:\Users\tutko\AppData\Local\Programs\MiKTeX\tex/generic/pgf/basiclayer\pgfcor
etransparency.code.tex
File: pgfcoretransparency.code.tex 2021/05/15 v3.1.9a (3.1.9a)
)
(C:\Users\tutko\AppData\Local\Programs\MiKTeX\tex/generic/pgf/basiclayer\pgfcor
epatterns.code.tex
File: pgfcorepatterns.code.tex 2021/05/15 v3.1.9a (3.1.9a)
)
(C:\Users\tutko\AppData\Local\Programs\MiKTeX\tex/generic/pgf/basiclayer\pgfcor
erdf.code.tex
File: pgfcorerdf.code.tex 2021/05/15 v3.1.9a (3.1.9a)
)))
(C:\Users\tutko\AppData\Local\Programs\MiKTeX\tex/generic/pgf/modules\pgfmodule
shapes.code.tex
File: pgfmoduleshapes.code.tex 2021/05/15 v3.1.9a (3.1.9a)
\pgfnodeparttextbox=\box63
)
(C:\Users\tutko\AppData\Local\Programs\MiKTeX\tex/generic/pgf/modules\pgfmodule
plot.code.tex
File: pgfmoduleplot.code.tex 2021/05/15 v3.1.9a (3.1.9a)
)
(C:\Users\tutko\AppData\Local\Programs\MiKTeX\tex/latex/pgf/compatibility\pgfco
mp-version-0-65.sty
Package: pgfcomp-version-0-65 2021/05/15 v3.1.9a (3.1.9a)
\pgf@nodesepstart=\dimen270
\pgf@nodesepend=\dimen271
)
(C:\Users\tutko\AppData\Local\Programs\MiKTeX\tex/latex/pgf/compatibility\pgfco
mp-version-1-18.sty
Package: pgfcomp-version-1-18 2021/05/15 v3.1.9a (3.1.9a)
))
(C:\Users\tutko\AppData\Local\Programs\MiKTeX\tex/latex/pgf/utilities\pgffor.st
y
(C:\Users\tutko\AppData\Local\Programs\MiKTeX\tex/latex/pgf/utilities\pgfkeys.s
ty
(C:\Users\tutko\AppData\Local\Programs\MiKTeX\tex/generic/pgf/utilities\pgfkeys
.code.tex))
(C:\Users\tutko\AppData\Local\Programs\MiKTeX\tex/latex/pgf/math\pgfmath.sty
(C:\Users\tutko\AppData\Local\Programs\MiKTeX\tex/generic/pgf/math\pgfmath.code
.tex))
(C:\Users\tutko\AppData\Local\Programs\MiKTeX\tex/generic/pgf/utilities\pgffor.
code.tex
Package: pgffor 2021/05/15 v3.1.9a (3.1.9a)

(C:\Users\tutko\AppData\Local\Programs\MiKTeX\tex/generic/pgf/math\pgfmath.code
.tex)
\pgffor@iter=\dimen272
\pgffor@skip=\dimen273
\pgffor@stack=\toks43
\pgffor@toks=\toks44
))
(C:\Users\tutko\AppData\Local\Programs\MiKTeX\tex/generic/pgf/frontendlayer/tik
z\tikz.code.tex
Package: tikz 2021/05/15 v3.1.9a (3.1.9a)

(C:\Users\tutko\AppData\Local\Programs\MiKTeX\tex/generic/pgf/libraries\pgflibr
aryplothandlers.code.tex
File: pgflibraryplothandlers.code.tex 2021/05/15 v3.1.9a (3.1.9a)
\pgf@plot@mark@count=\count304
\pgfplotmarksize=\dimen274
)
\tikz@lastx=\dimen275
\tikz@lasty=\dimen276
\tikz@lastxsaved=\dimen277
\tikz@lastysaved=\dimen278
\tikz@lastmovetox=\dimen279
\tikz@lastmovetoy=\dimen280
\tikzleveldistance=\dimen281
\tikzsiblingdistance=\dimen282
\tikz@figbox=\box64
\tikz@figbox@bg=\box65
\tikz@tempbox=\box66
\tikz@tempbox@bg=\box67
\tikztreelevel=\count305
\tikznumberofchildren=\count306
\tikznumberofcurrentchild=\count307
\tikz@fig@count=\count308

(C:\Users\tutko\AppData\Local\Programs\MiKTeX\tex/generic/pgf/modules\pgfmodule
matrix.code.tex
File: pgfmodulematrix.code.tex 2021/05/15 v3.1.9a (3.1.9a)
\pgfmatrixcurrentrow=\count309
\pgfmatrixcurrentcolumn=\count310
\pgf@matrix@numberofcolumns=\count311
)
\tikz@expandcount=\count312

(C:\Users\tutko\AppData\Local\Programs\MiKTeX\tex/generic/pgf/frontendlayer/tik
z/libraries\tikzlibrarytopaths.code.tex
File: tikzlibrarytopaths.code.tex 2021/05/15 v3.1.9a (3.1.9a)
)))
(C:\Users\tutko\AppData\Local\Programs\MiKTeX\tex/generic/pgfplots\pgfplots.cod
e.tex
(C:\Users\tutko\AppData\Local\Programs\MiKTeX\tex/generic/pgfplots\pgfplotscore
.code.tex
\t@pgfplots@toka=\toks45
\t@pgfplots@tokb=\toks46
\t@pgfplots@tokc=\toks47
\pgfplots@tmpa=\dimen283
\c@pgfplots@coordindex=\count313
\c@pgfplots@scanlineindex=\count314

(C:\Users\tutko\AppData\Local\Programs\MiKTeX\tex/generic/pgfplots/sys\pgfplots
sysgeneric.code.tex))
(C:\Users\tutko\AppData\Local\Programs\MiKTeX\tex/generic/pgfplots/libs\pgfplot
slibrary.code.tex)
(C:\Users\tutko\AppData\Local\Programs\MiKTeX\tex/generic/pgfplots/oldpgfcompat
ib\pgfplotsoldpgfsupp_loader.code.tex
(C:\Users\tutko\AppData\Local\Programs\MiKTeX\tex/generic/pgf/libraries\pgflibr
aryfpu.code.tex))
(C:\Users\tutko\AppData\Local\Programs\MiKTeX\tex/generic/pgfplots/util\pgfplot
sutil.code.tex
(C:\Users\tutko\AppData\Local\Programs\MiKTeX\tex/generic/pgfplots/liststructur
e\pgfplotsliststructure.code.tex)
(C:\Users\tutko\AppData\Local\Programs\MiKTeX\tex/generic/pgfplots/liststructur
e\pgfplotsliststructureext.code.tex)
(C:\Users\tutko\AppData\Local\Programs\MiKTeX\tex/generic/pgfplots/liststructur
e\pgfplotsarray.code.tex
\c@pgfplotsarray@tmp=\count315
)
(C:\Users\tutko\AppData\Local\Programs\MiKTeX\tex/generic/pgfplots/liststructur
e\pgfplotsmatrix.code.tex)
(C:\Users\tutko\AppData\Local\Programs\MiKTeX\tex/generic/pgfplots/numtable\pgf
plotstableshared.code.tex
\c@pgfplotstable@counta=\count316
\t@pgfplotstable@a=\toks48
)
(C:\Users\tutko\AppData\Local\Programs\MiKTeX\tex/generic/pgfplots/liststructur
e\pgfplotsdeque.code.tex)
(C:\Users\tutko\AppData\Local\Programs\MiKTeX\tex/generic/pgfplots/util\pgfplot
sbinary.code.tex
(C:\Users\tutko\AppData\Local\Programs\MiKTeX\tex/generic/pgfplots/util\pgfplot
sbinary.data.code.tex))
(C:\Users\tutko\AppData\Local\Programs\MiKTeX\tex/generic/pgfplots/util\pgfplot
sutil.verb.code.tex)
(C:\Users\tutko\AppData\Local\Programs\MiKTeX\tex/generic/pgfplots/libs\pgflibr
arypgfplots.surfshading.code.tex
\c@pgfplotslibrarysurf@no=\count317

(C:\Users\tutko\AppData\Local\Programs\MiKTeX\tex/generic/pgfplots/sys\pgflibra
rypgfplots.surfshading.pgfsys-pdftex.def)))
(C:\Users\tutko\AppData\Local\Programs\MiKTeX\tex/generic/pgfplots/util\pgfplot
scolormap.code.tex
(C:\Users\tutko\AppData\Local\Programs\MiKTeX\tex/generic/pgfplots/util\pgfplot
scolor.code.tex))
(C:\Users\tutko\AppData\Local\Programs\MiKTeX\tex/generic/pgfplots\pgfplotsstac
kedplots.code.tex)
(C:\Users\tutko\AppData\Local\Programs\MiKTeX\tex/generic/pgfplots\pgfplotsplot
handlers.code.tex
(C:\Users\tutko\AppData\Local\Programs\MiKTeX\tex/generic/pgfplots\pgfplotsmesh
plothandler.code.tex
(C:\Users\tutko\AppData\Local\Programs\MiKTeX\tex/generic/pgfplots\pgfplotsmesh
plotimage.code.tex)))
(C:\Users\tutko\AppData\Local\Programs\MiKTeX\tex/generic/pgfplots\pgfplots.sca
ling.code.tex)
(C:\Users\tutko\AppData\Local\Programs\MiKTeX\tex/generic/pgfplots\pgfplotscoor
dprocessing.code.tex)
(C:\Users\tutko\AppData\Local\Programs\MiKTeX\tex/generic/pgfplots\pgfplots.err
orbars.code.tex)
(C:\Users\tutko\AppData\Local\Programs\MiKTeX\tex/generic/pgfplots\pgfplots.mar
kers.code.tex)
(C:\Users\tutko\AppData\Local\Programs\MiKTeX\tex/generic/pgfplots\pgfplotstick
s.code.tex)
(C:\Users\tutko\AppData\Local\Programs\MiKTeX\tex/generic/pgfplots\pgfplots.pat
hs.code.tex)
(C:\Users\tutko\AppData\Local\Programs\MiKTeX\tex/generic/pgf/frontendlayer/tik
z/libraries\tikzlibrarydecorations.code.tex
(C:\Users\tutko\AppData\Local\Programs\MiKTeX\tex/generic/pgf/modules\pgfmodule
decorations.code.tex
\pgfdecoratedcompleteddistance=\dimen284
\pgfdecoratedremainingdistance=\dimen285
\pgfdecoratedinputsegmentcompleteddistance=\dimen286
\pgfdecoratedinputsegmentremainingdistance=\dimen287
\pgf@decorate@distancetomove=\dimen288
\pgf@decorate@repeatstate=\count318
\pgfdecorationsegmentamplitude=\dimen289
\pgfdecorationsegmentlength=\dimen290
)
\tikz@lib@dec@box=\box68
)
(C:\Users\tutko\AppData\Local\Programs\MiKTeX\tex/generic/pgf/frontendlayer/tik
z/libraries\tikzlibrarydecorations.pathmorphing.code.tex
(C:\Users\tutko\AppData\Local\Programs\MiKTeX\tex/generic/pgf/libraries/decorat
ions\pgflibrarydecorations.pathmorphing.code.tex))
(C:\Users\tutko\AppData\Local\Programs\MiKTeX\tex/generic/pgf/frontendlayer/tik
z/libraries\tikzlibrarydecorations.pathreplacing.code.tex
(C:\Users\tutko\AppData\Local\Programs\MiKTeX\tex/generic/pgf/libraries/decorat
ions\pgflibrarydecorations.pathreplacing.code.tex))
(C:\Users\tutko\AppData\Local\Programs\MiKTeX\tex/generic/pgfplots/libs\tikzlib
rarypgfplots.contourlua.code.tex)
\pgfplots@numplots=\count319
\pgfplots@xmin@reg=\dimen291
\pgfplots@xmax@reg=\dimen292
\pgfplots@ymin@reg=\dimen293
\pgfplots@ymax@reg=\dimen294
\pgfplots@zmin@reg=\dimen295
\pgfplots@zmax@reg=\dimen296
)
(C:\Users\tutko\AppData\Local\Programs\MiKTeX\tex/generic/pgf/frontendlayer/tik
z/libraries\tikzlibraryplotmarks.code.tex
File: tikzlibraryplotmarks.code.tex 2021/05/15 v3.1.9a (3.1.9a)

(C:\Users\tutko\AppData\Local\Programs\MiKTeX\tex/generic/pgf/libraries\pgflibr
aryplotmarks.code.tex
File: pgflibraryplotmarks.code.tex 2021/05/15 v3.1.9a (3.1.9a)
)))
(C:\Users\tutko\AppData\Local\Programs\MiKTeX\tex/latex/multirow\multirow.sty
Package: multirow 2021/03/15 v2.8 Span multiple rows of a table
\multirow@colwidth=\skip57
\multirow@cntb=\count320
\multirow@dima=\skip58
\bigstrutjot=\dimen297
)
(C:\Users\tutko\AppData\Local\Programs\MiKTeX\tex/latex/adjustbox\adjustbox.sty
Package: adjustbox 2022/10/17 v1.3a Adjusting TeX boxes (trim, clip, ...)
(C:\Users\tutko\AppData\Local\Programs\MiKTeX\tex/latex/xkeyval\xkeyval.sty
Package: xkeyval 2020/11/20 v2.8 package option processing (HA)

(C:\Users\tutko\AppData\Local\Programs\MiKTeX\tex/generic/xkeyval\xkeyval.tex
(C:\Users\tutko\AppData\Local\Programs\MiKTeX\tex/generic/xkeyval\xkvutils.tex
\XKV@toks=\toks49
\XKV@tempa@toks=\toks50
)
\XKV@depth=\count321
File: xkeyval.tex 2014/12/03 v2.7a key=value parser (HA)
))
(C:\Users\tutko\AppData\Local\Programs\MiKTeX\tex/latex/adjustbox\adjcalc.sty
Package: adjcalc 2012/05/16 v1.1 Provides advanced setlength with multiple back
-ends (calc, etex, pgfmath)
)
(C:\Users\tutko\AppData\Local\Programs\MiKTeX\tex/latex/adjustbox\trimclip.sty
Package: trimclip 2020/08/19 v1.2 Trim and clip general TeX material

(C:\Users\tutko\AppData\Local\Programs\MiKTeX\tex/latex/collectbox\collectbox.s
ty
Package: collectbox 2022/10/17 v0.4c Collect macro arguments as boxes
\collectedbox=\box69
)
\tc@llx=\dimen298
\tc@lly=\dimen299
\tc@urx=\dimen300
\tc@ury=\dimen301
Package trimclip Info: Using driver 'tc-pdftex.def'.

(C:\Users\tutko\AppData\Local\Programs\MiKTeX\tex/latex/adjustbox\tc-pdftex.def
File: tc-pdftex.def 2019/01/04 v2.2 Clipping driver for pdftex
))
\adjbox@Width=\dimen302
\adjbox@Height=\dimen303
\adjbox@Depth=\dimen304
\adjbox@Totalheight=\dimen305
\adjbox@pwidth=\dimen306
\adjbox@pheight=\dimen307
\adjbox@pdepth=\dimen308
\adjbox@ptotalheight=\dimen309

(C:\Users\tutko\AppData\Local\Programs\MiKTeX\tex/latex/ifoddpage\ifoddpage.sty
Package: ifoddpage 2022/10/18 v1.2 Conditionals for odd/even page detection
\c@checkoddpage=\count322
) (C:\Users\tutko\AppData\Local\Programs\MiKTeX\tex/latex/varwidth\varwidth.sty
Package: varwidth 2009/03/30 ver 0.92;  Variable-width minipages
\@vwid@box=\box70
\sift@deathcycles=\count323
\@vwid@loff=\dimen310
\@vwid@roff=\dimen311
))
\c@definition=\count324
\c@theorem=\count325
\c@lemma=\count326
\c@corollary=\count327
\c@note=\count328
\c@example=\count329

(C:\Users\tutko\AppData\Local\Programs\MiKTeX\tex/latex/mathalpha\mathalpha.sty
Package: mathalpha 2021/11/18 - 1.143mathalpha (License LPPL) Michael Sharpe
`mathalpha' v1.143, 2021/11/18, a renaming of mathalfa (msharpe)
LaTeX Font Info:    Overwriting math alphabet `\mathscr' in version `bold'
(Font)                  U/dutchscr/m/n --> U/dutchscr/b/n on input line 949.
) (main.aux)
\openout1 = `main.aux'.

LaTeX Font Info:    Checking defaults for OML/cmm/m/it on input line 59.
LaTeX Font Info:    ... okay on input line 59.
LaTeX Font Info:    Checking defaults for OMS/cmsy/m/n on input line 59.
LaTeX Font Info:    ... okay on input line 59.
LaTeX Font Info:    Checking defaults for OT1/cmr/m/n on input line 59.
LaTeX Font Info:    ... okay on input line 59.
LaTeX Font Info:    Checking defaults for T1/cmr/m/n on input line 59.
LaTeX Font Info:    ... okay on input line 59.
LaTeX Font Info:    Checking defaults for TS1/cmr/m/n on input line 59.
LaTeX Font Info:    ... okay on input line 59.
LaTeX Font Info:    Checking defaults for OMX/cmex/m/n on input line 59.
LaTeX Font Info:    ... okay on input line 59.
LaTeX Font Info:    Checking defaults for U/cmr/m/n on input line 59.
LaTeX Font Info:    ... okay on input line 59.
LaTeX Font Info:    Checking defaults for PD1/pdf/m/n on input line 59.
LaTeX Font Info:    ... okay on input line 59.
LaTeX Font Info:    Checking defaults for PU/pdf/m/n on input line 59.
LaTeX Font Info:    ... okay on input line 59.

*geometry* driver: auto-detecting
*geometry* detected driver: pdftex
*geometry* verbose mode - [ preamble ] result:
* driver: pdftex
* paper: a4paper
* layout: <same size as paper>
* layoutoffset:(h,v)=(0.0pt,0.0pt)
* modes: twoside 
* h-part:(L,W,R)=(99.58464pt, 441.01773pt, 56.9055pt)
* v-part:(T,H,B)=(71.13188pt, 702.78308pt, 71.13188pt)
* \paperwidth=597.50787pt
* \paperheight=845.04684pt
* \textwidth=441.01773pt
* \textheight=702.78308pt
* \oddsidemargin=27.31465pt
* \evensidemargin=-15.36449pt
* \topmargin=-33.0119pt
* \headheight=12.0pt
* \headsep=19.8738pt
* \topskip=12.0pt
* \footskip=30.0pt
* \marginparwidth=98.0pt
* \marginparsep=7.0pt
* \columnsep=10.0pt
* \skip\footins=10.8pt plus 4.0pt minus 2.0pt
* \hoffset=0.0pt
* \voffset=0.0pt
* \mag=1000
* \@twocolumnfalse
* \@twosidetrue
* \@mparswitchtrue
* \@reversemarginfalse
* (1in=72.27pt=25.4mm, 1cm=28.453pt)


(C:\Users\tutko\AppData\Local\Programs\MiKTeX\tex/context/base/mkii\supp-pdf.mk
ii
[Loading MPS to PDF converter (version 2006.09.02).]
\scratchcounter=\count330
\scratchdimen=\dimen312
\scratchbox=\box71
\nofMPsegments=\count331
\nofMParguments=\count332
\everyMPshowfont=\toks51
\MPscratchCnt=\count333
\MPscratchDim=\dimen313
\MPnumerator=\count334
\makeMPintoPDFobject=\count335
\everyMPtoPDFconversion=\toks52
)
(C:\Users\tutko\AppData\Local\Programs\MiKTeX\tex/latex/epstopdf-pkg\epstopdf-b
ase.sty
Package: epstopdf-base 2020-01-24 v2.11 Base part for package epstopdf

(C:\Users\tutko\AppData\Local\Programs\MiKTeX\tex/latex/grfext\grfext.sty
Package: grfext 2019/12/03 v1.3 Manage graphics extensions (HO)
)
Package epstopdf-base Info: Redefining graphics rule for `.eps' on input line 4
85.
Package grfext Info: Graphics extension search list:
(grfext)             [.pdf,.png,.jpg,.mps,.jpeg,.jbig2,.jb2,.PDF,.PNG,.JPG,.JPE
G,.JBIG2,.JB2,.eps]
(grfext)             \AppendGraphicsExtensions on input line 504.

(C:\Users\tutko\AppData\Local\Programs\MiKTeX\tex/latex/00miktex\epstopdf-sys.c
fg
File: epstopdf-sys.cfg 2021/03/18 v2.0 Configuration of epstopdf for MiKTeX
))
Package hyperref Info: Link coloring OFF on input line 59.

(C:\Users\tutko\AppData\Local\Programs\MiKTeX\tex/latex/hyperref\nameref.sty
Package: nameref 2021-04-02 v2.47 Cross-referencing by name of section

(C:\Users\tutko\AppData\Local\Programs\MiKTeX\tex/latex/refcount\refcount.sty
Package: refcount 2019/12/15 v3.6 Data extraction from label references (HO)
)
(C:\Users\tutko\AppData\Local\Programs\MiKTeX\tex/generic/gettitlestring\gettit
lestring.sty
Package: gettitlestring 2019/12/15 v1.6 Cleanup title references (HO)
)
\c@section@level=\count336
)
LaTeX Info: Redefining \ref on input line 59.
LaTeX Info: Redefining \pageref on input line 59.
LaTeX Info: Redefining \nameref on input line 59.
 (main.out) (main.out)
\@outlinefile=\write4
\openout4 = `main.out'.

Package caption Info: Begin \AtBeginDocument code.
Package caption Info: End \AtBeginDocument code.
\symgns@font=\mathgroup6
LaTeX Font Info:    Overwriting symbol font `gns@font' in version `bold'
(Font)                  TS1/cmr/m/n --> TS1/cmr/b/n on input line 59.
Package gensymb Info: Math companion symbols declared on input line 59.
LaTeX Info: Redefining \degree on input line 59.
LaTeX Info: Redefining \celsius on input line 59.
Package gensymb Info: Using text companion symbols for \degree, \celsius and \p
erthousand on input line 59.
LaTeX Info: Redefining \ohm on input line 59.
Package gensymb Info: Using \textohm for \ohm on input line 59.
Package gensymb Info: Using \textmu for \micro on input line 59.

Package pgfplots notification 'compat/show suggested version=true': document ha
s been generated with the most recent feature set (\pgfplotsset{compat=1.18}).

[1


{C:/Users/tutko/AppData/Local/MiKTeX/pdftex/config/pdftex.map}]
LaTeX Font Info:    Trying to load font information for U+msa on input line 111
.

(C:\Users\tutko\AppData\Local\Programs\MiKTeX\tex/latex/amsfonts\umsa.fd
File: umsa.fd 2013/01/14 v3.01 AMS symbols A
)
LaTeX Font Info:    Trying to load font information for U+msb on input line 111
.

(C:\Users\tutko\AppData\Local\Programs\MiKTeX\tex/latex/amsfonts\umsb.fd
File: umsb.fd 2013/01/14 v3.01 AMS symbols B
)
[2]
<images/zadanie.pdf, id=162, 597.50731pt x 845.04607pt>
File: images/zadanie.pdf Graphic file (type pdf)
<use images/zadanie.pdf>
Package pdftex.def Info: images/zadanie.pdf  used on input line 139.
(pdftex.def)             Requested size: 485.1222pt x 686.09537pt.

Overfull \hbox (4.82378pt too wide) in paragraph at lines 139--140
[] [] 
 []

[3 <./images/zadanie.pdf>] [4

]pdfTeX warning (ext4): destination with the same identifier (name{page.iii}) h
as been already used, duplicate ignored
<to be read again> 
                   \relax 
l.161 \newpage
               [3]pdfTeX warning (ext4): destination with the same identifier (
name{page.iv}) has been already used, duplicate ignored
<to be read again> 
                   \relax 
l.175 \newpage
               [4] [5] [6

] (main.toc [7])
\tf@toc=\write5
\openout5 = `main.toc'.

 [8] (main.lof)
\tf@lof=\write6
\openout6 = `main.lof'.

 [9

] [10

] (main.lot)
\tf@lot=\write7
\openout7 = `main.lot'.


[11] [12

] (uvod.tex
<images/webbbridge.jpg, id=339, 1806.75pt x 1204.5pt>
File: images/webbbridge.jpg Graphic file (type jpg)
<use images/webbbridge.jpg>
Package pdftex.def Info: images/webbbridge.jpg  used on input line 22.
(pdftex.def)             Requested size: 264.61333pt x 176.40323pt.
<images/theater.jpg, id=342, 297.7524pt x 240.9pt>
File: images/theater.jpg Graphic file (type jpg)
<use images/theater.jpg>
Package pdftex.def Info: images/theater.jpg  used on input line 29.
(pdftex.def)             Requested size: 264.61333pt x 214.08786pt.


LaTeX Warning: `h' float specifier changed to `ht'.

[1

]) (prva_kapitola.tex [2 <./images/webbbridge.jpg> <./images/theater.jpg>]
Kapitola 1.
<images/system.pdf, id=368, 462.52798pt x 346.89601pt>
File: images/system.pdf Graphic file (type pdf)
<use images/system.pdf>
Package pdftex.def Info: images/system.pdf  used on input line 10.
(pdftex.def)             Requested size: 462.52684pt x 243.04305pt.

Overfull \hbox (21.50911pt too wide) in paragraph at lines 10--11
 [][] 
 []

[3

 <./images/system.pdf>]
<images/one_element_of_the_system.pdf, id=413, 462.52798pt x 346.89601pt>
File: images/one_element_of_the_system.pdf Graphic file (type pdf)
<use images/one_element_of_the_system.pdf>
Package pdftex.def Info: images/one_element_of_the_system.pdf  used on input li
ne 40.
(pdftex.def)             Requested size: 462.52684pt x 243.04305pt.

Overfull \hbox (21.50911pt too wide) in paragraph at lines 40--41
 [][] 
 []


LaTeX Warning: `h' float specifier changed to `ht'.

[4]
Overfull \hbox (4.68436pt too wide) in paragraph at lines 63--64
[]\T1/cmr/m/n/12 Pre v²etky $\OT1/cmr/m/n/12 (\OML/cmm/m/it/12 x; y; t\OT1/cmr/
m/n/12 )$ \T1/cmr/m/n/12 pred-po-kla-dáme, ºe $\OMS/cmsy/m/n/12 r\OML/cmm/m/it/
12 F\OT1/cmr/m/n/12 (\OML/cmm/m/it/12 x; y; t\OT1/cmr/m/n/12 ) \OMS/cmsy/m/n/12
 6\OT1/cmr/m/n/12 = []\OML/cmm/m/it/12 :$ \T1/cmr/m/n/12 Ak by bol gra-dient $\
OMS/cmsy/m/n/12 r\OML/cmm/m/it/12 F\OT1/cmr/m/n/12 (\OML/cmm/m/it/12 x; y; t\OT
1/cmr/m/n/12 )$
 []

[5 <./images/one_element_of_the_system.pdf>]
Overfull \hbox (6.89449pt too wide) in paragraph at lines 82--84
\T1/cmr/m/n/12 Nako©ko po-ºa-du-jeme, aby gra-dient fun-kcie $\OMS/cmsy/m/n/12 
r\OML/cmm/m/it/12 F\OT1/cmr/m/n/12 (\OML/cmm/m/it/12 []\OT1/cmr/m/n/12 (\OML/c
mm/m/it/12 t\OT1/cmr/m/n/12 )\OML/cmm/m/it/12 ; []\OT1/cmr/m/n/12 (\OML/cmm/m/
it/12 t\OT1/cmr/m/n/12 )\OML/cmm/m/it/12 ; t\OT1/cmr/m/n/12 )$ \T1/cmr/m/n/12 b
ol kolmý na $[]\OT1/cmr/m/n/12 (\OML/cmm/m/it/12 t\OT1/cmr/m/n/12 )[]$ 
 []

<images/concentric_circles.pdf, id=456, 462.52798pt x 346.89601pt>
File: images/concentric_circles.pdf Graphic file (type pdf)
<use images/concentric_circles.pdf>
Package pdftex.def Info: images/concentric_circles.pdf  used on input line 113.

(pdftex.def)             Requested size: 462.52684pt x 312.7516pt.

Overfull \hbox (21.50911pt too wide) in paragraph at lines 113--114
 [][] 
 []


LaTeX Warning: `h' float specifier changed to `ht'.

[6] [7 <./images/concentric_circles.pdf>]
<images/system_with_envelope_unlimited_domain.pdf, id=491, 462.52798pt x 346.89
601pt>
File: images/system_with_envelope_unlimited_domain.pdf Graphic file (type pdf)
<use images/system_with_envelope_unlimited_domain.pdf>
Package pdftex.def Info: images/system_with_envelope_unlimited_domain.pdf  used
 on input line 141.
(pdftex.def)             Requested size: 462.52684pt x 243.04305pt.

Overfull \hbox (21.50911pt too wide) in paragraph at lines 141--142
 [][] 
 []

<images/system_with_correct_envelope.pdf, id=493, 462.52798pt x 346.89601pt>
File: images/system_with_correct_envelope.pdf Graphic file (type pdf)
<use images/system_with_correct_envelope.pdf>
Package pdftex.def Info: images/system_with_correct_envelope.pdf  used on input
 line 150.
(pdftex.def)             Requested size: 462.52684pt x 243.04305pt.

Overfull \hbox (21.50911pt too wide) in paragraph at lines 150--151
 [][] 
 []


LaTeX Warning: `h' float specifier changed to `ht'.

<images/too_complicated_equations.pdf, id=497, 462.52798pt x 346.89601pt>
File: images/too_complicated_equations.pdf Graphic file (type pdf)
<use images/too_complicated_equations.pdf>
Package pdftex.def Info: images/too_complicated_equations.pdf  used on input li
ne 174.
(pdftex.def)             Requested size: 462.52684pt x 312.7516pt.

Overfull \hbox (21.50911pt too wide) in paragraph at lines 174--175
 [][] 
 []


LaTeX Warning: `h' float specifier changed to `ht'.

[8 <./images/system_with_envelope_unlimited_domain.pdf>] [9 <./images/system_wi
th_correct_envelope.pdf>]
Overfull \hbox (0.4518pt too wide) in paragraph at lines 193--194
\OT1/cmr/m/n/12 633470976\OML/cmm/m/it/12 x[] \OMS/cmsy/m/n/12   \OT1/cmr/m/n/1
2 16384\OML/cmm/m/it/12 x[]y[] \OMS/cmsy/m/n/12   \OT1/cmr/m/n/12 81920\OML/cmm
/m/it/12 x[]y[] \OMS/cmsy/m/n/12   \OT1/cmr/m/n/12 14483456\OML/cmm/m/it/12 x[]
y[] \OMS/cmsy/m/n/12   \OT1/cmr/m/n/12 113311744\OML/cmm/m/it/12 x[]y[] \OT1/cm
r/m/n/12 + 96419840\OML/cmm/m/it/12 x[]y[] \OT1/cmr/m/n/12 +
 []

<images/resultant.pdf, id=557, 462.52798pt x 346.89601pt>
File: images/resultant.pdf Graphic file (type pdf)
<use images/resultant.pdf>
Package pdftex.def Info: images/resultant.pdf  used on input line 197.
(pdftex.def)             Requested size: 462.52684pt x 312.7516pt.

Overfull \hbox (21.50911pt too wide) in paragraph at lines 197--198
 [][] 
 []


LaTeX Warning: `h' float specifier changed to `ht'.


Underfull \vbox (badness 10000) has occurred while \output is active []

 [10 <./images/too_complicated_equations.pdf>] [11 <./images/resultant.pdf>]
<images/lines_in_normal_form.pdf, id=627, 462.52798pt x 346.89601pt>
File: images/lines_in_normal_form.pdf Graphic file (type pdf)
<use images/lines_in_normal_form.pdf>
Package pdftex.def Info: images/lines_in_normal_form.pdf  used on input line 25
9.
(pdftex.def)             Requested size: 462.52684pt x 312.7516pt.

Overfull \hbox (21.50911pt too wide) in paragraph at lines 259--260
 [][] 
 []


LaTeX Warning: `h' float specifier changed to `ht'.

[12] [13 <./images/lines_in_normal_form.pdf>]
<images/odr.pdf, id=656, 462.52798pt x 346.89601pt>
File: images/odr.pdf Graphic file (type pdf)
<use images/odr.pdf>
Package pdftex.def Info: images/odr.pdf  used on input line 286.
(pdftex.def)             Requested size: 462.52684pt x 312.7516pt.

Overfull \hbox (21.50911pt too wide) in paragraph at lines 286--287
 [][] 
 []

[14 <./images/odr.pdf>] [15] [16] [17]
<images/rolling_ball_blends.png, id=712, 713.66624pt x 253.94875pt>
File: images/rolling_ball_blends.png Graphic file (type png)
<use images/rolling_ball_blends.png>
Package pdftex.def Info: images/rolling_ball_blends.png  used on input line 420
.
(pdftex.def)             Requested size: 441.01773pt x 156.93121pt.
) (matematicky_model.tex [18 <./images/rolling_ball_blends.png>]
Kapitola 2.
[19

] [20]
Overfull \hbox (2.61688pt too wide) detected at line 105
\OML/cmm/m/it/12 q\OT1/cmr/m/n/12 (\OML/cmm/m/it/12 x; y; z\OT1/cmr/m/n/12 ) = 
\OML/cmm/m/it/12 a[]x[] \OT1/cmr/m/n/12 + \OML/cmm/m/it/12 a[]y[] \OT1/cmr/m/n/
12 + \OML/cmm/m/it/12 a[]z[] \OT1/cmr/m/n/12 + 2\OML/cmm/m/it/12 a[]xy \OT1/cmr
/m/n/12 + 2\OML/cmm/m/it/12 a[]xz \OT1/cmr/m/n/12 + 2\OML/cmm/m/it/12 a[]yz \OT
1/cmr/m/n/12 + 2\OML/cmm/m/it/12 a[]x \OT1/cmr/m/n/12 + 2\OML/cmm/m/it/12 a[]y 
\OT1/cmr/m/n/12 + 2\OML/cmm/m/it/12 a[]z \OT1/cmr/m/n/12 + \OML/cmm/m/it/12 a[]
 \OT1/cmr/m/n/12 = 0\OML/cmm/m/it/12 :
 []


Underfull \hbox (badness 10000) in paragraph at lines 147--147
[]\T1/cmr/m/n/12 jednodielny
 []


Underfull \hbox (badness 10000) in paragraph at lines 147--147
[]\T1/cmr/m/n/12 dvojdielny
 []


Overfull \hbox (2.99208pt too wide) in paragraph at lines 149--149
[]\T1/cmr/m/n/12 hyperbolický
 []


Underfull \hbox (badness 10000) in paragraph at lines 149--149
[]\T1/cmr/m/n/12 eliptický
 []


Underfull \hbox (badness 10000) in paragraph at lines 149--150
[]\T1/cmr/m/n/12 valcové a
 []


Underfull \hbox (badness 10000) in paragraph at lines 149--150
\T1/cmr/m/n/12 re-du-ci-bilné
 []


LaTeX Warning: `h' float specifier changed to `ht'.

[21] [22] [23]
Overfull \hbox (1148.9759pt too wide) detected at line 337
[]
 []

[24] [25]
LaTeX Font Info:    Trying to load font information for T1+cmtt on input line 4
20.

(C:\Users\tutko\AppData\Local\Programs\MiKTeX\tex/latex/base\t1cmtt.fd
File: t1cmtt.fd 2019/12/16 v2.5j Standard LaTeX font definitions
)
Overfull \hbox (34.79408pt too wide) in paragraph at lines 420--421
\T1/cmr/m/n/12 tári []$\T1/cmtt/m/n/12 https : / / github . com / tutka13 / Mas
ters-[]Thesis / tree / main / symbolic-[]computations$[]\T1/cmr/m/n/12 . 
 []

<images/maxima.png, id=777, 1444.64719pt x 767.86874pt>
File: images/maxima.png Graphic file (type png)
<use images/maxima.png>
Package pdftex.def Info: images/maxima.png  used on input line 424.
(pdftex.def)             Requested size: 441.01773pt x 234.40466pt.

LaTeX Warning: `h' float specifier changed to `ht'.

) (implementacia.tex [26] [27 <./images/maxima.png>] [28

]
Kapitola 3.
[29] [30] [31]
<images/blender.png, id=817, 1443.89438pt x 768.62157pt>
File: images/blender.png Graphic file (type png)
<use images/blender.png>
Package pdftex.def Info: images/blender.png  used on input line 74.
(pdftex.def)             Requested size: 441.01773pt x 234.76349pt.
 [32 <./images/blender.png>] [33]
<images/vscode.png, id=834, 1442.38875pt x 769.37437pt>
File: images/vscode.png Graphic file (type png)
<use images/vscode.png>
Package pdftex.def Info: images/vscode.png  used on input line 114.
(pdftex.def)             Requested size: 441.01773pt x 235.23996pt.
 [34 <./images/vscode.png>]
<images/jupyter.png, id=846, 1442.38875pt x 764.8575pt>
File: images/jupyter.png Graphic file (type png)
<use images/jupyter.png>
Package pdftex.def Info: images/jupyter.png  used on input line 133.
(pdftex.def)             Requested size: 441.01773pt x 233.85889pt.


LaTeX Warning: `!h' float specifier changed to `!ht'.

[35] [36 <./images/jupyter.png>]
<images/prusaslicer.png, id=867, 1440.88312pt x 765.6103pt>
File: images/prusaslicer.png Graphic file (type png)
<use images/prusaslicer.png>
Package pdftex.def Info: images/prusaslicer.png  used on input line 159.
(pdftex.def)             Requested size: 441.01773pt x 234.3344pt.
 [37 <./images/prusaslicer.png>]
<images/pronterface.png, id=879, 1444.64719pt x 765.6103pt>
File: images/pronterface.png Graphic file (type png)
<use images/pronterface.png>
Package pdftex.def Info: images/pronterface.png  used on input line 182.
(pdftex.def)             Requested size: 441.01773pt x 233.71524pt.
)
(vysledky_prace.tex [38 <./images/pronterface.png>]
Kapitola 4.
) (zaver.tex [39

] [40

]) [41] [42

]
Underfull \hbox (badness 10000) in paragraph at lines 266--267
[]\T1/cmr/m/n/12 Blender do-wn-load. Do-stupné na in-ter-nete: []$\T1/cmtt/m/n/
12 https : / / www . blender . org /
 []


Underfull \hbox (badness 2781) in paragraph at lines 268--269
[]\T1/cmr/m/n/12 Biernet A. 2016. Vi-su-ali-sie-rung und gra-fis-che An-wen-dun
g von Ka-nalf-lä-
 []


Underfull \hbox (badness 10000) in paragraph at lines 276--277
[]\T1/cmr/m/n/12 Fake-bpy-module. Do-stupné na in-ter-nete: []$\T1/cmtt/m/n/12 
https : / / github . com / nutti /
 []


Underfull \hbox (badness 2644) in paragraph at lines 278--279
\T1/cmr/m/n/12 sin. 10.18260/1-2--6898. Do-stupné na in-ter-nete: []$\T1/cmtt/m
/n/12 https : / / 216 . 185 . 13 . 174 /
 []

[43


]
Underfull \hbox (badness 2111) in paragraph at lines 286--287
\T1/cmr/m/n/12 10. ISBN 1402006098. []$\T1/cmtt/m/n/12 http : / / encyclopediao
fmath . org / index . php ? title =
 []


Underfull \hbox (badness 1082) in paragraph at lines 290--291
\T1/cmr/m/n/12 107. Do-stupné na in-ter-nete: []$\T1/cmtt/m/n/12 https : / / ww
w . researchgate . net / publication /
 []

[44]
Underfull \hbox (badness 10000) in paragraph at lines 328--329
[]\T1/cmr/m/n/12 Pronterface se-tup. Do-stupné na in-ter-nete: []$\T1/cmtt/m/n/
12 https : / / all3dp . com / 2 /
 []


Underfull \hbox (badness 6575) in paragraph at lines 336--337
[]\T1/cmr/m/n/12 Visual Stu-dio Code do-wn-load. Do-stupné na in-ter-nete: []$\
T1/cmtt/m/n/12 https : / / code .
 []


Underfull \hbox (badness 1331) in paragraph at lines 338--339
[]\T1/cmr/m/n/12 Vráblíková J. 2022. En-ve-lo-pes of im-pli-cit sur-fa-ces. Mat
-he-ma-ti-cal Ins-ti-tute
 []


Underfull \hbox (badness 5022) in paragraph at lines 338--339
\T1/cmr/m/n/12 of Char-les Uni-ver-sity. Pra-gue. Mas-ter's the-sis. Do-stupné 
na in-ter-nete:
 []


Underfull \hbox (badness 10000) in paragraph at lines 338--339
[]$\T1/cmtt/m/n/12 https : / / dodo . is . cuni . cz / bitstream / handle / 20 
. 500 . 11956 / 171858 /
 []

[45]
Underfull \hbox (badness 10000) in paragraph at lines 342--343
[]\T1/cmr/m/n/12 Obrázok Web-bov Most. Do-stupné na in-ter-nete: []$\T1/cmtt/m/
n/12 http : / / www .
 []


Underfull \hbox (badness 10000) in paragraph at lines 346--347
[]\T1/cmr/m/n/12 Obrázok Hu-dobné di-vadlo a vý-stavná sie¬. Do-
 []


Underfull \hbox (badness 10000) in paragraph at lines 346--347
\T1/cmr/m/n/12 stupné na in-ter-nete: []$\T1/cmtt/m/n/12 https : / / www . arch
daily . com / 789123 /
 []

[46] (AppendixA.tex [47

] [48]) [49] (main.aux)

Package rerunfilecheck Warning: File `main.out' has changed.
(rerunfilecheck)                Rerun to get outlines right
(rerunfilecheck)                or use package `bookmark'.

Package rerunfilecheck Info: Checksums for `main.out':
(rerunfilecheck)             Before: 773DE530D13EF1308C37E504DF9083E6;5303
(rerunfilecheck)             After:  919D741C709500A3A806A1189739FCB2;5184.
 ) 
Here is how much of TeX's memory you used:
 34464 strings out of 478927
 792240 string characters out of 2852534
 1241036 words of memory out of 3000000
 51458 multiletter control sequences out of 15000+600000
 423480 words of font info for 68 fonts, out of 8000000 for 9000
 1141 hyphenation exceptions out of 8191
 99i,14n,103p,1213b,633s stack positions out of 5000i,500n,10000p,200000b,80000s
pdfTeX warning (dest): name{section.2.5} has been referenced but does not exi
st, replaced by a fixed one

{C:/Users/tutko/AppData/Local/Programs/MiKTeX/fonts/enc/dvips/cm-super/cm-super
-t1.enc}{C:/Users/tutko/AppData/Local/Programs/MiKTeX/fonts/enc/dvips/cm-super/
cm-super-ts1.enc}<C:/Users/tutko/AppData/Local/Programs/MiKTeX/fonts/type1/publ
ic/amsfonts/cm/cmex10.pfb><C:/Users/tutko/AppData/Local/Programs/MiKTeX/fonts/t
ype1/public/amsfonts/cm/cmmi10.pfb><C:/Users/tutko/AppData/Local/Programs/MiKTe
X/fonts/type1/public/amsfonts/cm/cmmi12.pfb><C:/Users/tutko/AppData/Local/Progr
ams/MiKTeX/fonts/type1/public/amsfonts/cm/cmmi8.pfb><C:/Users/tutko/AppData/Loc
al/Programs/MiKTeX/fonts/type1/public/amsfonts/cm/cmr10.pfb><C:/Users/tutko/App
Data/Local/Programs/MiKTeX/fonts/type1/public/amsfonts/cm/cmr12.pfb><C:/Users/t
utko/AppData/Local/Programs/MiKTeX/fonts/type1/public/amsfonts/cm/cmr6.pfb><C:/
Users/tutko/AppData/Local/Programs/MiKTeX/fonts/type1/public/amsfonts/cm/cmr8.p
fb><C:/Users/tutko/AppData/Local/Programs/MiKTeX/fonts/type1/public/amsfonts/cm
/cmsy10.pfb><C:/Users/tutko/AppData/Local/Programs/MiKTeX/fonts/type1/public/am
sfonts/cm/cmsy8.pfb><C:/Users/tutko/AppData/Local/Programs/MiKTeX/fonts/type1/p
ublic/amsfonts/symbols/msbm10.pfb><C:/Users/tutko/AppData/Local/Programs/MiKTeX
/fonts/type1/public/cm-super/sfbx1200.pfb><C:/Users/tutko/AppData/Local/Program
s/MiKTeX/fonts/type1/public/cm-super/sfbx1440.pfb><C:/Users/tutko/AppData/Local
/Programs/MiKTeX/fonts/type1/public/cm-super/sfbx1728.pfb><C:/Users/tutko/AppDa
ta/Local/Programs/MiKTeX/fonts/type1/public/cm-super/sfbx2488.pfb><C:/Users/tut
ko/AppData/Local/Programs/MiKTeX/fonts/type1/public/cm-super/sfcc1440.pfb><C:/U
sers/tutko/AppData/Local/Programs/MiKTeX/fonts/type1/public/cm-super/sfcc2074.p
fb><C:/Users/tutko/AppData/Local/Programs/MiKTeX/fonts/type1/public/cm-super/sf
rm0800.pfb><C:/Users/tutko/AppData/Local/Programs/MiKTeX/fonts/type1/public/cm-
super/sfrm1095.pfb><C:/Users/tutko/AppData/Local/Programs/MiKTeX/fonts/type1/pu
blic/cm-super/sfrm1200.pfb><C:/Users/tutko/AppData/Local/Programs/MiKTeX/fonts/
type1/public/cm-super/sfsl1200.pfb><C:/Users/tutko/AppData/Local/Programs/MiKTe
X/fonts/type1/public/cm-super/sfti1200.pfb><C:/Users/tutko/AppData/Local/Progra
ms/MiKTeX/fonts/type1/public/cm-super/sftt1200.pfb>
Output written on main.pdf (63 pages, 5718124 bytes).
PDF statistics:
 1137 PDF objects out of 1200 (max. 8388607)
 216 named destinations out of 1000 (max. 500000)
 450 words of extra memory for PDF output out of 10000 (max. 10000000)

