\BOOKMARK [0][-]{chapter*.8}{\376\377\000\332\000v\000o\000d}{}% 1
\BOOKMARK [0][-]{chapter.1}{\376\377\000P\000r\000e\000h\001\076\000a\000d\000\040\000p\000r\000o\000b\000l\000e\000m\000a\000t\000i\000k\000y}{}% 2
\BOOKMARK [1][-]{section.1.1}{\376\377\000A\000p\000l\000i\000k\000\341\000c\000i\000e\000\040\000o\000b\000\341\000l\000o\000k}{chapter.1}% 3
\BOOKMARK [1][-]{section.1.2}{\376\377\000J\000e\000d\000n\000o\000p\000a\000r\000a\000m\000e\000t\000r\000i\000c\000k\000\375\000\040\000s\000y\000s\000t\000\351\000m}{chapter.1}% 4
\BOOKMARK [1][-]{section.1.3}{\376\377\000O\000b\000\341\000l\000k\000a\000\040\000j\000e\000d\000n\000o\000p\000a\000r\000a\000m\000e\000t\000r\000i\000c\000k\000\351\000h\000o\000\040\000s\000y\000s\000t\000\351\000m\000u\000\040\000n\000a\000d\000p\000l\000\364\000c\000h}{chapter.1}% 5
\BOOKMARK [1][-]{section.1.4}{\376\377\000V\000\375\000p\000o\001\015\000e\000t\000\040\000o\000b\000\341\000l\000k\000y}{chapter.1}% 6
\BOOKMARK [2][-]{subsection.1.4.1}{\376\377\000P\000r\000\355\000s\000t\000u\000p\000\040\000a\000l\000g\000e\000b\000r\000a\000i\000c\000k\000e\000j\000\040\000g\000e\000o\000m\000e\000t\000r\000i\000e}{section.1.4}% 7
\BOOKMARK [2][-]{subsection.1.4.2}{\376\377\000P\000r\000\355\000s\000t\000u\000p\000\040\000p\000r\000o\000j\000e\000k\000t\000\355\000v\000n\000e\000j\000\040\000g\000e\000o\000m\000e\000t\000r\000i\000e}{section.1.4}% 8
\BOOKMARK [2][-]{subsection.1.4.3}{\376\377\000K\000i\000n\000e\000m\000a\000t\000i\000c\000k\000\375\000\040\000p\000r\000\355\000s\000t\000u\000p}{section.1.4}% 9
\BOOKMARK [2][-]{subsection.1.4.4}{\376\377\000O\000b\000\341\000l\000k\000y\000\040\000a\000\040\000O\000D\000R}{section.1.4}% 10
\BOOKMARK [2][-]{subsection.1.4.5}{\376\377\000L\000o\000k\000\341\000l\000n\000e\000\040\000p\000r\000i\000e\000n\000i\000k\000y}{section.1.4}% 11
\BOOKMARK [1][-]{section.1.5}{\376\377\000O\000b\000\341\000l\000k\000a\000\040\000s\000f\000\351\000r}{chapter.1}% 12
\BOOKMARK [1][-]{section.1.6}{\376\377\000C\000h\000a\000r\000a\000k\000t\000e\000r\000i\000s\000t\000i\000c\000k\000\341\000\040\000k\000r\000u\001\176\000n\000i\000c\000a}{chapter.1}% 13
\BOOKMARK [0][-]{chapter.2}{\376\377\000M\000a\000t\000e\000m\000a\000t\000i\000c\000k\000\375\000\040\000m\000o\000d\000e\000l}{}% 14
\BOOKMARK [1][-]{section.2.1}{\376\377\000O\000b\000\341\000l\000k\000a\000\040\000s\000f\000\351\000r}{chapter.2}% 15
\BOOKMARK [1][-]{section.2.2}{\376\377\000O\000b\000\341\000l\000k\000a\000\040\000e\000l\000i\000p\000s\000o\000i\000d\000o\000v}{chapter.2}% 16
\BOOKMARK [1][-]{section.2.3}{\376\377\000O\000b\000\341\000l\000k\000a\000\040\000e\000l\000\355\000p\000s}{chapter.2}% 17
\BOOKMARK [2][-]{subsection.2.3.1}{\376\377\000Z\000m\000e\000n\000a\000\040\000b\000\341\000z\000y}{section.2.3}% 18
\BOOKMARK [2][-]{subsection.2.3.2}{\376\377\000V\000\375\000p\000o\001\015\000e\000t\000\040\000o\000b\000\341\000l\000k\000y\000\040\000e\000l\000\355\000p\000s}{section.2.3}% 19
\BOOKMARK [1][-]{section.2.4}{\376\377\000O\000b\000\341\000l\000k\000a\000\040\000e\000l\000i\000p\000s\000o\000i\000d\000o\000v}{chapter.2}% 20
\BOOKMARK [0][-]{chapter.3}{\376\377\000S\000o\000f\000t\000v\000\351\000r}{}% 21
\BOOKMARK [1][-]{section.3.1}{\376\377\001\140\000p\000e\000c\000i\000f\000i\000k\000\341\000c\000i\000a}{chapter.3}% 22
\BOOKMARK [2][-]{subsection.3.1.1}{\376\377\000P\000o\001\176\000i\000a\000d\000a\000v\000k\000y}{section.3.1}% 23
\BOOKMARK [1][-]{section.3.2}{\376\377\000V\000\375\000b\000e\000r\000\040\000s\000o\000f\000t\000v\000\351\000r\000u\000\040\000a\000\040\000j\000e\000h\000o\000\040\000i\000n\001\141\000t\000a\000l\000\341\000c\000i\000a}{chapter.3}% 24
\BOOKMARK [2][-]{subsection.3.2.1}{\376\377\000B\000l\000e\000n\000d\000e\000r}{section.3.2}% 25
\BOOKMARK [2][-]{subsection.3.2.2}{\376\377\000P\000y\000t\000h\000o\000n}{section.3.2}% 26
\BOOKMARK [2][-]{subsection.3.2.3}{\376\377\000K\000n\000i\001\176\000n\000i\000c\000e}{section.3.2}% 27
\BOOKMARK [2][-]{subsection.3.2.4}{\376\377\000I\000n\001\141\000t\000a\000l\000\341\000c\000i\000a\000\040\000k\000n\000i\001\176\000n\000\355\000c}{section.3.2}% 28
\BOOKMARK [2][-]{subsection.3.2.5}{\376\377\000P\000r\000o\000g\000r\000a\000m\000o\000v\000a\000c\000i\000e\000\040\000p\000r\000o\000s\000t\000r\000e\000d\000i\000e}{section.3.2}% 29
\BOOKMARK [1][-]{section.3.3}{\376\377\000I\000m\000p\000l\000e\000m\000e\000n\000t\000\341\000c\000i\000a}{chapter.3}% 30
\BOOKMARK [1][-]{section.3.4}{\376\377\0003\000D\000\040\000t\000l\000a\001\015}{chapter.3}% 31
\BOOKMARK [2][-]{subsection.3.4.1}{\376\377\000P\000r\000u\000s\000a\000S\000l\000i\000c\000e\000r}{section.3.4}% 32
\BOOKMARK [2][-]{subsection.3.4.2}{\376\377\000P\000r\000o\000n\000t\000e\000r\000f\000a\000c\000e}{section.3.4}% 33
\BOOKMARK [0][-]{chapter.4}{\376\377\000V\000\375\000s\000l\000e\000d\000k\000y\000\040\000p\000r\000\341\000c\000e}{}% 34
\BOOKMARK [0][-]{chapter*.32}{\376\377\000P\000r\000\355\000l\000o\000h\000a\000\040\000A}{}% 35
\BOOKMARK [0][-]{chapter*.33}{\376\377\000P\000r\000\355\000l\000o\000h\000a\000\040\000B}{}% 36
\BOOKMARK [1][-]{section.4.1}{\376\377\000E\000u\000k\000l\000i\000d\000o\000v\000s\000k\000\341\000\040\000t\000e\000\363\000r\000i\000a\000\040\000k\000v\000a\000d\000r\000a\000t\000i\000c\000k\000\375\000c\000h\000\040\000f\000o\000r\000i\000e\000m\000\040\000a\000\040\000k\000r\000i\000v\000k\000y\000\040\0002\000.\000\040\000r\000\341\000d\000u}{chapter*.33}% 37
\BOOKMARK [2][-]{subsection.4.1.1}{\376\377\000I\000n\000v\000a\000r\000i\000a\000n\000t\000y\000\040\000k\000r\000i\000v\000i\000e\000k\000\040\0002\000.\000\040\000r\000\341\000d\000u}{section.4.1}% 38
